<?xml version="1.0" encoding="UTF-8"?>
<testsuite xmlns:xsi="http://www.w3.org/2001/XMLSchema-instance" xsi:noNamespaceSchemaLocation="https://maven.apache.org/surefire/maven-surefire-plugin/xsd/surefire-test-report-3.0.xsd" version="3.0" name="com.fci.seminar.util.FileStorageExceptionTest" time="0.05" tests="10" errors="0" skipped="0" failures="0">
  <properties>
[...]
</properties>
  <testcase name="testGetUserFriendlyMessage_InvalidFileType" classname="com.fci.seminar.util.FileStorageExceptionTest" time="0.006"/>
  <testcase name="testAllErrorTypesHaveUserFriendlyMessages" classname="com.fci.seminar.util.FileStorageExceptionTest" time="0.005"/>
  <testcase name="testExceptionChaining" classname="com.fci.seminar.util.FileStorageExceptionTest" time="0.003"/>
  <testcase name="testGetUserFriendlyMessage_PermissionDenied" classname="com.fci.seminar.util.FileStorageExceptionTest" time="0.002"/>
  <testcase name="testGetUserFriendlyMessage_FileNotFound" classname="com.fci.seminar.util.FileStorageExceptionTest" time="0.002"/>
  <testcase name="testGetUserFriendlyMessage_DirectoryCreationFailed" classname="com.fci.seminar.util.FileStorageExceptionTest" time="0.004"/>
  <testcase name="testGetUserFriendlyMessage_InsufficientSpace" classname="com.fci.seminar.util.FileStorageExceptionTest" time="0.005"/>
  <testcase name="testExceptionCreationWithCause" classname="com.fci.seminar.util.FileStorageExceptionTest" time="0.003"/>
  <testcase name="testExceptionCreationWithMessageAndErrorType" classname="com.fci.seminar.util.FileStorageExceptionTest" time="0.001"/>
  <testcase name="testGetUserFriendlyMessage_CopyFailed" classname="com.fci.seminar.util.FileStorageExceptionTest" time="0.003"/>
</testsuite>